#
# There is insufficient memory for the Java Runtime Environment to continue.
# Native memory allocation (mmap) failed to map 100663296 bytes for G1 virtual space
# Possible reasons:
#   The system is out of physical RAM or swap space
#   The process is running with CompressedOops enabled, and the Java Heap may be blocking the growth of the native heap
# Possible solutions:
#   Reduce memory load on the system
#   Increase physical memory or swap space
#   Check if swap backing store is full
#   Decrease Java heap size (-Xmx/-Xms)
#   Decrease number of Java threads
#   Decrease Java thread stack sizes (-Xss)
#   Set larger code cache with -XX:ReservedCodeCacheSize=
#   JVM is running with Unscaled Compressed Oops mode in which the Java heap is
#     placed in the first 4GB address space. The Java Heap base address is the
#     maximum limit for the native heap growth. Please use -XX:HeapBaseMinAddress
#     to set the Java Heap base and to place the Java Heap above 4GB virtual address.
# This output file may be truncated or incomplete.
#
#  Out of Memory Error (os_windows.cpp:3769), pid=5032, tid=6968
#
# JRE version:  (17.0.6+10) (build )
# Java VM: OpenJDK 64-Bit Server VM (17.0.6+10-b829.5, mixed mode, sharing, tiered, compressed oops, compressed class ptrs, g1 gc, windows-amd64)
# No core dump will be written. Minidumps are not enabled by default on client versions of Windows
#

---------------  S U M M A R Y ------------

Command Line: git4idea.http.GitAskPassApp Username for 'https://github.com': 

Host: Intel(R) Core(TM) i5-2520M CPU @ 2.50GHz, 4 cores, 5G,  Windows 11 , 64 bit Build 22000 (10.0.22000.1761)
Time: Tue Apr 18 21:08:15 2023 Hora oficial do Brasil elapsed time: 0.263600 seconds (0d 0h 0m 0s)

---------------  T H R E A D  ---------------

Current thread (0x0000026133d23530):  JavaThread "Unknown thread" [_thread_in_vm, id=6968, stack(0x000000e20af00000,0x000000e20b000000)]

Stack: [0x000000e20af00000,0x000000e20b000000]
Native frames: (J=compiled Java code, j=interpreted, Vv=VM code, C=native code)
V  [jvm.dll+0x683b4a]
V  [jvm.dll+0x842654]
V  [jvm.dll+0x843dfe]
V  [jvm.dll+0x844463]
V  [jvm.dll+0x249b75]
V  [jvm.dll+0x680a19]
V  [jvm.dll+0x674f0a]
V  [jvm.dll+0x309acb]
V  [jvm.dll+0x310f86]
V  [jvm.dll+0x3608ee]
V  [jvm.dll+0x360b1f]
V  [jvm.dll+0x2dfbf8]
V  [jvm.dll+0x2e0b64]
V  [jvm.dll+0x813f41]
V  [jvm.dll+0x36e6a1]
V  [jvm.dll+0x7f347c]
V  [jvm.dll+0x3f0e8f]
V  [jvm.dll+0x3f29d1]
C  [jli.dll+0x526b]
C  [ucrtbase.dll+0x26c0c]
C  [KERNEL32.DLL+0x15590]
C  [ntdll.dll+0x485b]


---------------  P R O C E S S  ---------------

Threads class SMR info:
_java_thread_list=0x00007ffc3267c058, length=0, elements={
}

Java Threads: ( => current thread )

Other Threads:
  0x0000026133d6c6a0 GCTaskThread "GC Thread#0" [stack: 0x000000e20b000000,0x000000e20b100000] [id=7228]
  0x0000026133d791d0 ConcurrentGCThread "G1 Main Marker" [stack: 0x000000e20b100000,0x000000e20b200000] [id=8592]
  0x0000026133d7b1a0 ConcurrentGCThread "G1 Conc#0" [stack: 0x000000e20b200000,0x000000e20b300000] [id=2064]

[error occurred during error reporting (printing all threads), id 0xc0000005, EXCEPTION_ACCESS_VIOLATION (0xc0000005) at pc=0x00007ffc31e30797]

VM state: not at safepoint (not fully initialized)

VM Mutex/Monitor currently owned by a thread:  ([mutex/lock_event])
[0x0000026133d1d170] Heap_lock - owner thread: 0x0000026133d23530

Heap address: 0x00000000a1c00000, size: 1508 MB, Compressed Oops mode: 32-bit

CDS archive(s) mapped at: [0x0000000000000000-0x0000000000000000-0x0000000000000000), size 0, SharedBaseAddress: 0x0000000800000000, ArchiveRelocationMode: 0.
Narrow klass base: 0x0000000000000000, Narrow klass shift: 0, Narrow klass range: 0x0

GC Precious Log:
<Empty>

Heap:
 garbage-first heap   total 0K, used 0K [0x00000000a1c00000, 0x0000000100000000)
  region size 1024K, 0 young (0K), 0 survivors (0K)

[error occurred during error reporting (printing heap information), id 0xc0000005, EXCEPTION_ACCESS_VIOLATION (0xc0000005) at pc=0x00007ffc3221d939]

GC Heap History (0 events):
No events

Dll operation events (1 events):
Event: 0.198 Loaded shared library C:\Program Files\JetBrains\IntelliJ IDEA Community Edition 2023.1\jbr\bin\java.dll

Deoptimization events (0 events):
No events

Classes unloaded (0 events):
No events

Classes redefined (0 events):
No events

Internal exceptions (0 events):
No events

VM Operations (0 events):
No events

Events (0 events):
No events


Dynamic libraries:
0x00007ff7317e0000 - 0x00007ff7317ea000 	C:\Program Files\JetBrains\IntelliJ IDEA Community Edition 2023.1\jbr\bin\java.exe
0x00007ffc6d780000 - 0x00007ffc6d989000 	C:\Windows\SYSTEM32\ntdll.dll
0x00007ffc6c880000 - 0x00007ffc6c93e000 	C:\Windows\System32\KERNEL32.DLL
0x00007ffc6b260000 - 0x00007ffc6b5e3000 	C:\Windows\System32\KERNELBASE.dll
0x00007ffc6ac60000 - 0x00007ffc6ad71000 	C:\Windows\System32\ucrtbase.dll
0x00007ffc620d0000 - 0x00007ffc620e7000 	C:\Program Files\JetBrains\IntelliJ IDEA Community Edition 2023.1\jbr\bin\jli.dll
0x00007ffc6c2e0000 - 0x00007ffc6c48d000 	C:\Windows\System32\USER32.dll
0x00007ffc6ac30000 - 0x00007ffc6ac56000 	C:\Windows\System32\win32u.dll
0x00007ffc5d080000 - 0x00007ffc5d325000 	C:\Windows\WinSxS\amd64_microsoft.windows.common-controls_6595b64144ccf1df_6.0.22000.120_none_9d947278b86cc467\COMCTL32.dll
0x00007ffc6c530000 - 0x00007ffc6c559000 	C:\Windows\System32\GDI32.dll
0x00007ffc6aee0000 - 0x00007ffc6affa000 	C:\Windows\System32\gdi32full.dll
0x00007ffc6cb60000 - 0x00007ffc6cc03000 	C:\Windows\System32\msvcrt.dll
0x00007ffc6ad80000 - 0x00007ffc6ae1d000 	C:\Windows\System32\msvcp_win.dll
0x00007ffc60760000 - 0x00007ffc6077b000 	C:\Program Files\JetBrains\IntelliJ IDEA Community Edition 2023.1\jbr\bin\VCRUNTIME140.dll
0x00007ffc6c940000 - 0x00007ffc6c971000 	C:\Windows\System32\IMM32.DLL
0x00007ffc66db0000 - 0x00007ffc66dbc000 	C:\Program Files\JetBrains\IntelliJ IDEA Community Edition 2023.1\jbr\bin\vcruntime140_1.dll
0x00007ffc37190000 - 0x00007ffc3721d000 	C:\Program Files\JetBrains\IntelliJ IDEA Community Edition 2023.1\jbr\bin\msvcp140.dll
0x00007ffc31b40000 - 0x00007ffc327ad000 	C:\Program Files\JetBrains\IntelliJ IDEA Community Edition 2023.1\jbr\bin\server\jvm.dll
0x00007ffc6b820000 - 0x00007ffc6b8ce000 	C:\Windows\System32\ADVAPI32.dll
0x00007ffc6c490000 - 0x00007ffc6c52e000 	C:\Windows\System32\sechost.dll
0x00007ffc6ccc0000 - 0x00007ffc6cde1000 	C:\Windows\System32\RPCRT4.dll
0x00007ffc4f9a0000 - 0x00007ffc4f9d3000 	C:\Windows\SYSTEM32\WINMM.dll
0x00007ffc59a00000 - 0x00007ffc59a0a000 	C:\Windows\SYSTEM32\VERSION.dll
0x00007ffc57dc0000 - 0x00007ffc57dc9000 	C:\Windows\SYSTEM32\WSOCK32.dll
0x00007ffc6ce50000 - 0x00007ffc6cebf000 	C:\Windows\System32\WS2_32.dll
0x00007ffc69c80000 - 0x00007ffc69c98000 	C:\Windows\SYSTEM32\kernel.appcore.dll
0x00007ffc67df0000 - 0x00007ffc67dfa000 	C:\Program Files\JetBrains\IntelliJ IDEA Community Edition 2023.1\jbr\bin\jimage.dll
0x00007ffc49b10000 - 0x00007ffc49d31000 	C:\Windows\SYSTEM32\DBGHELP.DLL
0x00007ffc61a20000 - 0x00007ffc61a51000 	C:\Windows\SYSTEM32\dbgcore.DLL
0x00007ffc6b1e0000 - 0x00007ffc6b25f000 	C:\Windows\System32\bcryptPrimitives.dll
0x00007ffc67060000 - 0x00007ffc67085000 	C:\Program Files\JetBrains\IntelliJ IDEA Community Edition 2023.1\jbr\bin\java.dll

dbghelp: loaded successfully - version: 4.0.5 - missing functions: none
symbol engine: initialized successfully - sym options: 0x614 - pdb path: .;C:\Program Files\JetBrains\IntelliJ IDEA Community Edition 2023.1\jbr\bin;C:\Windows\SYSTEM32;C:\Windows\WinSxS\amd64_microsoft.windows.common-controls_6595b64144ccf1df_6.0.22000.120_none_9d947278b86cc467;C:\Program Files\JetBrains\IntelliJ IDEA Community Edition 2023.1\jbr\bin\server

VM Arguments:
java_command: git4idea.http.GitAskPassApp Username for 'https://github.com': 
java_class_path (initial): C:/Program Files/JetBrains/IntelliJ IDEA Community Edition 2023.1/plugins/vcs-git/lib/git4idea-rt.jar;C:/Program Files/JetBrains/IntelliJ IDEA Community Edition 2023.1/lib/externalProcess-rt.jar
Launcher Type: SUN_STANDARD

[Global flags]
     intx CICompilerCount                          = 3                                         {product} {ergonomic}
     uint ConcGCThreads                            = 1                                         {product} {ergonomic}
     uint G1ConcRefinementThreads                  = 4                                         {product} {ergonomic}
   size_t G1HeapRegionSize                         = 1048576                                   {product} {ergonomic}
    uintx GCDrainStackTargetSize                   = 64                                        {product} {ergonomic}
   size_t InitialHeapSize                          = 100663296                                 {product} {ergonomic}
   size_t MarkStackSize                            = 4194304                                   {product} {ergonomic}
   size_t MaxHeapSize                              = 1581252608                                {product} {ergonomic}
   size_t MinHeapDeltaBytes                        = 1048576                                   {product} {ergonomic}
   size_t MinHeapSize                              = 8388608                                   {product} {ergonomic}
    uintx NonNMethodCodeHeapSize                   = 5832780                                {pd product} {ergonomic}
    uintx NonProfiledCodeHeapSize                  = 122912730                              {pd product} {ergonomic}
    uintx ProfiledCodeHeapSize                     = 122912730                              {pd product} {ergonomic}
    uintx ReservedCodeCacheSize                    = 251658240                              {pd product} {ergonomic}
     bool SegmentedCodeCache                       = true                                      {product} {ergonomic}
   size_t SoftMaxHeapSize                          = 1581252608                             {manageable} {ergonomic}
     bool UseCompressedClassPointers               = true                           {product lp64_product} {ergonomic}
     bool UseCompressedOops                        = true                           {product lp64_product} {ergonomic}
     bool UseG1GC                                  = true                                      {product} {ergonomic}
     bool UseLargePagesIndividualAllocation        = false                                  {pd product} {ergonomic}

Logging:
Log output configuration:
 #0: stdout all=warning uptime,level,tags
 #1: stderr all=off uptime,level,tags

Environment Variables:
JAVA_HOME=C:\Program Files\Java\zulu17.40.19-ca-jdk17.0.6-win_x64
PATH=C:\Program Files\Git\mingw64\libexec\git-core;C:\Program Files\Git\mingw64\libexec\git-core;C:\Program Files\Git\mingw64\bin;C:\Program Files\Git\usr\bin;C:\Users\CSC\bin;C:\Users\CSC\AppData\Local\Android\Sdk\platform-tools;C:\Program Files\java\zulu17.40.19-ca-jdk17.0.6-win_x64\bin;C:\Windows\system32;C:\Windows;C:\Windows\System32\Wbem;C:\Windows\System32\WindowsPowerShell\v1.0;C:\Windows\System32\OpenSSH;C:\Program Files\Git\cmd;C:\Program Files\Microsoft SQL Server\Client SDK\ODBC\170\Tools\Binn;C:\Program Files (x86)\Microsoft SQL Server\150\Tools\Binn;C:\Program Files\Microsoft SQL Server\150\Tools\Binn;C:\Program Files\Microsoft SQL Server\150\DTS\Binn;C:\Program Files (x86)\Microsoft SQL Server\150\DTS\Binn;C:\Program Files\Azure Data Studio\bin;C:\Program Files\nodejs;C:\ProgramData\chocolatey\bin;C:\Program Files\dotnet;C:\Program Files\PowerShell\7;C:\Program Files\Amazon\AWSCLIV2;C:\Users\CSC\AppData\Local\Programs\Python\Python310\Scripts;C:\Users\CSC\AppData\Local\Programs\Python\Python310;C:\Users\CSC\AppData\Local\Microsoft\WindowsApps;C:\Users\CSC\AppData\Local\Programs\Microsoft VS Code\bin;C:\Program Files\Azure Data Studio\bin;C:\Users\CSC\AppData\Roaming\npm;C:\Users\CSC\.dotnet\tools;C:\Program Files\JetBrains\IntelliJ IDEA Community Edition 2023.1\bin
USERNAME=CSC
DISPLAY=:0.0
LC_ALL=en_US.UTF-8
TERM=xterm-256color
TMPDIR=C:\Users\CSC\AppData\Local\Temp
OS=Windows_NT
PROCESSOR_IDENTIFIER=Intel64 Family 6 Model 42 Stepping 7, GenuineIntel
TMP=C:\Users\CSC\AppData\Local\Temp
TEMP=C:\Users\CSC\AppData\Local\Temp



---------------  S Y S T E M  ---------------

OS:
 Windows 11 , 64 bit Build 22000 (10.0.22000.1761)
OS uptime: 1 days 1:22 hours
Hyper-V role detected

CPU: total 4 (initial active 4) (2 cores per cpu, 2 threads per core) family 6 model 42 stepping 7 microcode 0x2f, cx8, cmov, fxsr, ht, mmx, sse, sse2, sse3, ssse3, sse4.1, sse4.2, popcnt, tsc, tscinvbit, avx, aes, clmul, vzeroupper, clflush, hv

Memory: 4k page, system-wide physical 6027M (512M free)
TotalPageFile size 6027M (AvailPageFile size 62M)
current process WorkingSet (physical memory assigned to process): 10M, peak: 10M
current process commit charge ("private bytes"): 51M, peak: 147M

vm_info: OpenJDK 64-Bit Server VM (17.0.6+10-b829.5) for windows-amd64 JRE (17.0.6+10-b829.5), built on 2023-02-24 by "builduser" with MS VC++ 16.10 / 16.11 (VS2019)

END.
